<?xml version="1.0" encoding="UTF-8"?>
<!-- Generated by org.testng.reporters.JUnitXMLReporter -->
<testsuite hostname="VDDK35Q-I3SIQA1" ignored="0" name="Test" tests="2" failures="1" timestamp="05 Jul 2018 18:06:39 GMT" time="7.809" errors="0">
  <testcase name="FailTestVerify" time="0.015" classname="ITestListenerDemo.MyFirstTestcaseWithListner">
    <failure type="junit.framework.AssertionFailedError" message="expected:&amp;lt;2&amp;gt; but was:&amp;lt;7&amp;gt;">
      <![CDATA[junit.framework.AssertionFailedError: expected:<2> but was:<7>
at junit.framework.Assert.fail(Assert.java:47)
at junit.framework.Assert.failNotEquals(Assert.java:282)
at junit.framework.Assert.assertEquals(Assert.java:64)
at junit.framework.Assert.assertEquals(Assert.java:201)
at junit.framework.Assert.assertEquals(Assert.java:207)
at ITestListenerDemo.MyFirstTestcaseWithListner.FailTestVerify(MyFirstTestcaseWithListner.java:26)
... Removed 25 stack frames]]>
    </failure>
  </testcase> <!-- FailTestVerify -->
  <testcase name="GoogleTitelVerify" time="7.756" classname="ITestListenerDemo.MyFirstTestcaseWithListner"/>
</testsuite> <!-- Test -->
