<?xml version="1.0" encoding="UTF-8"?>
<testng-results skipped="0" failed="0" ignored="0" total="2" passed="2">
  <reporter-output>
  </reporter-output>
  <suite name="Suite" duration-ms="9787" started-at="2018-07-05T18:06:48Z" finished-at="2018-07-05T18:06:57Z">
    <groups>
    </groups>
    <test name="TestFirefox" duration-ms="9787" started-at="2018-07-05T18:06:48Z" finished-at="2018-07-05T18:06:57Z">
      <class name="CrossBrowserTesting.CrossBrowserTest">
        <test-method status="PASS" signature="verifyPageTitle(java.lang.String)[pri:0, instance:CrossBrowserTesting.CrossBrowserTest@f6c48ac]" name="verifyPageTitle" duration-ms="9758" started-at="2018-07-05T18:06:48Z" finished-at="2018-07-05T18:06:57Z">
          <params>
            <param index="0">
              <value>
                <![CDATA[chrome]]>
              </value>
            </param>
          </params>
          <reporter-output>
          </reporter-output>
        </test-method> <!-- verifyPageTitle -->
      </class> <!-- CrossBrowserTesting.CrossBrowserTest -->
    </test> <!-- TestFirefox -->
    <test name="TestChrome" duration-ms="9772" started-at="2018-07-05T18:06:48Z" finished-at="2018-07-05T18:06:57Z">
      <class name="CrossBrowserTesting.CrossBrowserTest">
        <test-method status="PASS" signature="verifyPageTitle(java.lang.String)[pri:0, instance:CrossBrowserTesting.CrossBrowserTest@68c4039c]" name="verifyPageTitle" duration-ms="9741" started-at="2018-07-05T18:06:48Z" finished-at="2018-07-05T18:06:57Z">
          <params>
            <param index="0">
              <value>
                <![CDATA[chrome]]>
              </value>
            </param>
          </params>
          <reporter-output>
          </reporter-output>
        </test-method> <!-- verifyPageTitle -->
      </class> <!-- CrossBrowserTesting.CrossBrowserTest -->
    </test> <!-- TestChrome -->
  </suite> <!-- Suite -->
</testng-results>
